
========================[ Jan 24, 2017 11:55 AM ]========================
Version 2.2.26 [Sep-21-2011]
Started database file "gki.fasta"
Formatted 147 sequences in volume 0
SUCCESS: formatted database gki.fasta

========================[ Jan 24, 2017 11:55 AM ]========================
Version 2.2.26 [Sep-21-2011]
Started database file "gtr.fasta"
Formatted 117 sequences in volume 0
SUCCESS: formatted database gtr.fasta

========================[ Jan 24, 2017 11:55 AM ]========================
Version 2.2.26 [Sep-21-2011]
Started database file "murI.fasta"
Formatted 110 sequences in volume 0
SUCCESS: formatted database murI.fasta

========================[ Jan 24, 2017 11:55 AM ]========================
Version 2.2.26 [Sep-21-2011]
Started database file "mutS.fasta"
Formatted 93 sequences in volume 0
SUCCESS: formatted database mutS.fasta

========================[ Jan 24, 2017 11:55 AM ]========================
Version 2.2.26 [Sep-21-2011]
Started database file "recP.fasta"
Formatted 129 sequences in volume 0
SUCCESS: formatted database recP.fasta

========================[ Jan 24, 2017 11:55 AM ]========================
Version 2.2.26 [Sep-21-2011]
Started database file "xpt.fasta"
Formatted 107 sequences in volume 0
SUCCESS: formatted database xpt.fasta

========================[ Jan 24, 2017 11:55 AM ]========================
Version 2.2.26 [Sep-21-2011]
Started database file "yqiL.fasta"
Formatted 126 sequences in volume 0
SUCCESS: formatted database yqiL.fasta

========================[ Jun 15, 2017  2:51 PM ]========================
Version 2.2.26 [Sep-21-2011]
Started database file "gki.fasta"
Formatted 151 sequences in volume 0
SUCCESS: formatted database gki.fasta

========================[ Jun 15, 2017  2:51 PM ]========================
Version 2.2.26 [Sep-21-2011]
Started database file "gtr.fasta"
Formatted 130 sequences in volume 0
SUCCESS: formatted database gtr.fasta

========================[ Jun 15, 2017  2:51 PM ]========================
Version 2.2.26 [Sep-21-2011]
Started database file "murI.fasta"
Formatted 113 sequences in volume 0
SUCCESS: formatted database murI.fasta

========================[ Jun 15, 2017  2:51 PM ]========================
Version 2.2.26 [Sep-21-2011]
Started database file "mutS.fasta"
Formatted 100 sequences in volume 0
SUCCESS: formatted database mutS.fasta

========================[ Jun 15, 2017  2:51 PM ]========================
Version 2.2.26 [Sep-21-2011]
Started database file "recP.fasta"
Formatted 138 sequences in volume 0
SUCCESS: formatted database recP.fasta

========================[ Jun 15, 2017  2:51 PM ]========================
Version 2.2.26 [Sep-21-2011]
Started database file "xpt.fasta"
Formatted 120 sequences in volume 0
SUCCESS: formatted database xpt.fasta

========================[ Jun 15, 2017  2:51 PM ]========================
Version 2.2.26 [Sep-21-2011]
Started database file "yqiL.fasta"
Formatted 145 sequences in volume 0
SUCCESS: formatted database yqiL.fasta
